<?xml version="1.0" encoding="UTF-8"?>
<!-- Generated by org.testng.reporters.JUnitXMLReporter -->
<testsuite ignored="1" hostname="DESKTOP-OBR5FT2" failures="0" tests="1" name="Default test" time="12.933" errors="0" timestamp="19 Oct 2023 08:32:46 GMT">
  <testcase classname="com.privateschool.test.TestLogin" name="VerifyLogin_ValidCredential" time="12.9"/>
  <testcase classname="com.privateschool.test.TestLogin" name="VerifyLogin_InvalidCredential" time="0.0">
    <ignored/>
  </testcase> <!-- VerifyLogin_InvalidCredential -->
</testsuite> <!-- Default test -->
