<?xml version="1.0" encoding="UTF-8"?>
<!-- Generated by org.testng.reporters.JUnitXMLReporter -->
<testsuite ignored="0" hostname="DESKTOP-OBR5FT2" failures="0" tests="2" name="Private School Web Automation - Tests" time="33.808" errors="0" timestamp="19 Oct 2023 09:10:54 GMT">
  <testcase classname="com.privateschool.test.TestLogin" name="VerifyLogin_ValidCredential" time="20.277"/>
  <testcase classname="com.privateschool.test.TestLogin" name="VerifyLogin_InvalidCredential" time="13.487"/>
</testsuite> <!-- Private School Web Automation - Tests -->
